<?xml version="1.0" encoding="UTF-8"?>
<!-- Generated by org.testng.reporters.JUnitReportReporter -->
<testsuite skipped="0" hostname="Sukesh" name="com.ZohoCRM.generic.BaseClasss" tests="1" failures="0" timestamp="2023-01-28T12:10:00 IST" time="2.236" errors="0">
  <testcase name="test" time="2.236" classname="com.ZohoCRM.generic.BaseClasss"/>
  <system-out>
    <![CDATA[yes]]>
  </system-out>
</testsuite> <!-- com.ZohoCRM.generic.BaseClasss -->
