<?xml version="1.0" encoding="UTF-8"?>
<!-- Generated by org.testng.reporters.JUnitReportReporter -->
<testsuite hostname="Sukesh" failures="0" tests="1" name="com.ZohoCRM.Testscript.CompaignCreating" time="9.848" errors="0" timestamp="2023-02-02T19:04:24 IST" skipped="0">
  <testcase classname="com.ZohoCRM.Testscript.CompaignCreating" name="createcompaign" time="9.848"/>
  <system-out>
    <![CDATA[test]]>
  </system-out>
</testsuite> <!-- com.ZohoCRM.Testscript.CompaignCreating -->
